2026-07-14 17:27:13,804 - INFO - Starting transformation pipeline for 'marketing_campaign' -> 'transformed_marketing_data'
2026-07-14 17:27:13,805 - INFO - 1. Extracting data from database...
2026-07-14 17:27:13,807 - ERROR - Pipeline failed due to an error: unable to open database file
2026-07-14 17:28:25,629 - INFO - Starting transformation pipeline for 'marketing_campaign' -> 'transformed_marketing_data'
2026-07-14 17:28:25,630 - INFO - 1. Extracting data from database...
2026-07-14 17:28:25,630 - ERROR - Pipeline failed due to an error: unable to open database file
2026-07-14 17:29:50,884 - INFO - Starting transformation pipeline for 'marketing_campaign' -> 'transformed_marketing_data'
2026-07-14 17:29:50,884 - INFO - 1. Extracting data from database...
2026-07-14 17:29:50,924 - ERROR - Pipeline failed due to an error: unable to open database file
2026-07-14 17:32:43,032 - INFO - Starting transformation pipeline for 'marketing_campaign' -> 'transformed_marketing_data'
2026-07-14 17:32:43,033 - INFO - 1. Extracting data from database...
2026-07-14 17:32:43,059 - INFO - Successfully extracted 2240 rows.
2026-07-14 17:32:43,059 - INFO - 2. Cleaning Data...
2026-07-14 17:32:43,089 - INFO - Dropped 0 duplicate rows.
2026-07-14 17:32:43,090 - INFO - 3. Feature Engineering & Calculating KPIs...
2026-07-14 17:32:43,108 - INFO - 4. Removing Outliers...
2026-07-14 17:32:43,119 - INFO - Removed 1032 rows containing outliers.
2026-07-14 17:32:43,119 - INFO - 5. Categorical Encoding...
2026-07-14 17:32:43,124 - INFO - 6. Loading 1208 transformed rows to database table 'transformed_marketing_data'...
2026-07-14 17:32:43,157 - INFO - 7. Exporting data to CSV for visualization: 'Updated_Dataset/marketing_dashboard_data.csv'...
2026-07-14 17:32:43,179 - INFO - CSV export completed successfully.
2026-07-14 17:32:43,180 - INFO - Pipeline execution completed successfully!
2026-07-14 17:32:43,181 - INFO - Database connection closed.
